#
# A fatal error has been detected by the Java Runtime Environment:
#
#  SIGSEGV (0xb) at pc=0xb6c79d08, pid=5779, tid=1811274560
#
# JRE version: Java(TM) SE Runtime Environment (7.0_45-b18) (build 1.7.0_45-b18)
# Java VM: Java HotSpot(TM) Server VM (24.45-b08 mixed mode linux-x86 )
# Problematic frame:
# V  [libjvm.so+0x483d08]  java_lang_String::utf8_length(oopDesc*)+0x58
#
# Failed to write core dump. Core dumps have been disabled. To enable core dumping, try "ulimit -c unlimited" before starting Java again
#
# If you would like to submit a bug report, please visit:
#   http://bugreport.sun.com/bugreport/crash.jsp
#

---------------  T H R E A D  ---------------

Current thread (0x6be9c800):  JavaThread "JDWP Transport Listener: dt_socket" daemon [_thread_in_vm, id=5797, stack(0x6bf0d000,0x6bf5e000)]

siginfo:si_signo=SIGSEGV: si_errno=0, si_code=1 (SEGV_MAPERR), si_addr=0x00000008

Registers:
EAX=0x00000000, EBX=0xb70b9574, ECX=0x00000000, EDX=0x9e2843f8
ESP=0x6bf5ce20, EBP=0x6bf5ce28, ESI=0x00000000, EDI=0x00000ffc
EIP=0xb6c79d08, EFLAGS=0x00210246, CR2=0x00000008

Top of Stack: (sp=0x6bf5ce20)
0x6bf5ce20:   b70b9574 6be9c800 6bf5ce78 b6cc41b8
0x6bf5ce30:   9e2843f8 6be9c930 6bf5ce78 b65f217b
0x6bf5ce40:   6be9c930 9e2843f8 b665bee8 b65ff16c
0x6bf5ce50:   6bc03668 6bf5d04c 6be9c800 00000000
0x6bf5ce60:   6bc03668 6bf5d04c 6be9c800 b65ff16c
0x6bf5ce70:   6bf5d04c 6be9c930 6bf5cea8 b65d1473
0x6bf5ce80:   6be9c930 6bc03668 00000000 b65e7968
0x6bf5ce90:   00000008 00000032 6bc03668 b65ff16c 

Instructions: (pc=0xb6c79d08)
0xb6c79ce8:   02 31 d2 85 c0 74 04 8d 54 4e 0c 56 56 50 52 e8
0xb6c79cf8:   54 90 33 00 8d 65 f8 5b 5e 5d c3 90 8d 74 26 00
0xb6c79d08:   8b 46 08 eb dc 90 66 90 55 89 e5 57 56 53 83 ec
0xb6c79d18:   1c e8 00 00 00 00 5b 81 c3 56 f8 43 00 8b 83 50 

Register to memory mapping:

EAX=0x00000000 is an unknown value
EBX=0xb70b9574: <offset 0x8c3574> in /usr/lib/jvm/java-7-oracle/jre/lib/i386/server/libjvm.so at 0xb67f6000
ECX=0x00000000 is an unknown value
EDX=0x9e2843f8 is an oop
java.lang.String 
 - klass: 'java/lang/String'
ESP=0x6bf5ce20 is pointing into the stack for thread: 0x6be9c800
EBP=0x6bf5ce28 is pointing into the stack for thread: 0x6be9c800
ESI=0x00000000 is an unknown value
EDI=0x00000ffc is an unknown value


Stack: [0x6bf0d000,0x6bf5e000],  sp=0x6bf5ce20,  free space=319k
Native frames: (J=compiled Java code, j=interpreted, Vv=VM code, C=native code)
V  [libjvm.so+0x483d08]  java_lang_String::utf8_length(oopDesc*)+0x58
V  [libjvm.so+0x4ce1b8]  jni_GetStringUTFChars+0xa8
C  [libjdwp.so+0x9473]  value+0x93
C  [libjdwp.so+0x12813]  debugLoop_run+0x303
C  [libjdwp.so+0x26f7f]  connectionInitiated+0xbf
C  [libjdwp.so+0x26fc0]  attachThread+0x30
V  [libjvm.so+0x57375c]  JvmtiAgentThread::call_start_function()+0x9c
V  [libjvm.so+0x7994a9]  JavaThread::thread_main_inner()+0x109
V  [libjvm.so+0x799603]  JavaThread::run()+0x123
V  [libjvm.so+0x67e0f9]  java_start(Thread*)+0x119
C  [libpthread.so.0+0x6d4c]  start_thread+0xcc


---------------  P R O C E S S  ---------------

Java Threads: ( => current thread )
  0x6ba10800 JavaThread "com.retrogui.dualrpc.common.RpcWorker:hashcode=9182992:sessionId=22985495" daemon [_thread_blocked, id=5865, stack(0x6b2d1000,0x6b322000)]
  0x6afdd000 JavaThread "br.ufsc.inf.leobr.cliente.HeartbeatThread thread" daemon [_thread_blocked, id=5820, stack(0x6ab5e000,0x6abaf000)]
  0x6afdb400 JavaThread "com.retrogui.dualrpc.client.DualRpcClientDispatcher:hashcode=30080500:sessionId=22985495" daemon [_thread_blocked, id=5818, stack(0x6abaf000,0x6ac00000)]
  0x6afdac00 JavaThread "com.retrogui.messageserver.common.OutboundMessageHandler:hashcode=13648599:sessionId=22985495" daemon [_thread_blocked, id=5817, stack(0x6aeaf000,0x6af00000)]
  0x6afc8400 JavaThread "com.retrogui.messageserver.common.InboundMessageHandler:hashcode=28258831:sessionId=22985495" daemon [_thread_in_native, id=5816, stack(0x6b22d000,0x6b27e000)]
  0x6ebb6800 JavaThread "TimerQueue" daemon [_thread_blocked, id=5814, stack(0x6b428000,0x6b479000)]
  0xb6608c00 JavaThread "DestroyJavaVM" [_thread_blocked, id=5785, stack(0xb6779000,0xb67ca000)]
  0x6b7cb000 JavaThread "AWT-EventQueue-0" [_thread_blocked, id=5812, stack(0x6b147000,0x6b198000)]
  0x6b787800 JavaThread "AWT-Shutdown" [_thread_blocked, id=5811, stack(0x6b3a3000,0x6b3f4000)]
  0x6b756c00 JavaThread "AWT-XAWT" daemon [_thread_in_native, id=5809, stack(0x6b479000,0x6b4ca000)]
  0x6b741800 JavaThread "Java2D Disposer" daemon [_thread_blocked, id=5808, stack(0x6b4ca000,0x6b51b000)]
  0x6bea4800 JavaThread "Service Thread" daemon [_thread_blocked, id=5803, stack(0x6bb0d000,0x6bb5e000)]
  0x6bea2c00 JavaThread "C2 CompilerThread1" daemon [_thread_blocked, id=5802, stack(0x6b8fe000,0x6b97f000)]
  0x6bea0c00 JavaThread "C2 CompilerThread0" daemon [_thread_blocked, id=5801, stack(0x6b97f000,0x6ba00000)]
  0x6bc00800 JavaThread "JDWP Command Reader" daemon [_thread_in_native, id=5799, stack(0x6bb5e000,0x6bbaf000)]
  0x6be9f000 JavaThread "JDWP Event Helper Thread" daemon [_thread_blocked, id=5798, stack(0x6bbaf000,0x6bc00000)]
=>0x6be9c800 JavaThread "JDWP Transport Listener: dt_socket" daemon [_thread_in_vm, id=5797, stack(0x6bf0d000,0x6bf5e000)]
  0x6be93c00 JavaThread "Signal Dispatcher" daemon [_thread_blocked, id=5793, stack(0x6e92e000,0x6e97f000)]
  0x6be84c00 JavaThread "Finalizer" daemon [_thread_blocked, id=5792, stack(0x6ec2e000,0x6ec7f000)]
  0x6be82000 JavaThread "Reference Handler" daemon [_thread_blocked, id=5791, stack(0x6bd2e000,0x6bd7f000)]

Other Threads:
  0x6be80800 VMThread [stack: 0x6bd7f000,0x6be00000] [id=5790]
  0x6bea6400 WatcherThread [stack: 0x6b87d000,0x6b8fe000] [id=5804]

VM state:not at safepoint (normal execution)

VM Mutex/Monitor currently owned by a thread: None

Heap
 PSYoungGen      total 19456K, used 8424K [0x9dd40000, 0x9f2c0000, 0xb32c0000)
  eden space 16896K, 34% used [0x9dd40000,0x9e2fc958,0x9edc0000)
  from space 2560K, 99% used [0x9edc0000,0x9f03d8a8,0x9f040000)
  to   space 2560K, 0% used [0x9f040000,0x9f040000,0x9f2c0000)
 ParOldGen       total 43520K, used 5452K [0x732c0000, 0x75d40000, 0x9dd40000)
  object space 43520K, 12% used [0x732c0000,0x73813218,0x75d40000)
 PSPermGen       total 16384K, used 10074K [0x6f2c0000, 0x702c0000, 0x732c0000)
  object space 16384K, 61% used [0x6f2c0000,0x6fc96be0,0x702c0000)

Card table byte_map: [0x6f09f000,0x6f2c0000] byte_map_base: 0x6ed25a00

Polling page: 0xb76db000

Code Cache  [0xb33a0000, 0xb35e0000, 0xb63a0000)
 total_blobs=311 nmethods=81 adapters=192 free_code_cache=48642Kb largest_free_block=49785472

Compilation events (10 events):
Event: 23.310 Thread 0x6bea2c00 nmethod 77 0xb3412248 code [0xb3412360, 0xb34124fc]
Event: 23.335 Thread 0x6bea2c00   78             java.util.concurrent.locks.ReentrantLock::lock (8 bytes)
Event: 23.338 Thread 0x6bea2c00 nmethod 78 0xb3411d88 code [0xb3411ea0, 0xb3412050]
Event: 23.338 Thread 0x6bea2c00   79             java.util.concurrent.locks.ReentrantLock$NonfairSync::lock (25 bytes)
Event: 23.342 Thread 0x6bea2c00 nmethod 79 0xb3411988 code [0xb3411aa0, 0xb3411c10]
Event: 23.344 Thread 0x6bea0c00 nmethod 73 0xb3423648 code [0xb34237c0, 0xb3424b90]
Event: 23.357 Thread 0x6bea2c00   80             java.util.HashMap::get (29 bytes)
Event: 23.365 Thread 0x6bea2c00 nmethod 80 0xb3411288 code [0xb34113c0, 0xb341167c]
Event: 23.772 Thread 0x6bea0c00   81             sun.awt.X11.Native::getInt (8 bytes)
Event: 23.774 Thread 0x6bea0c00 nmethod 81 0xb3411008 code [0xb3411100, 0xb3411190]

GC Heap History (2 events):
Event: 10.150 GC heap before
{Heap before GC invocations=1 (full 0):
 PSYoungGen      total 19456K, used 16896K [0x9dd40000, 0x9f2c0000, 0xb32c0000)
  eden space 16896K, 100% used [0x9dd40000,0x9edc0000,0x9edc0000)
  from space 2560K, 0% used [0x9f040000,0x9f040000,0x9f2c0000)
  to   space 2560K, 0% used [0x9edc0000,0x9edc0000,0x9f040000)
 ParOldGen       total 43520K, used 0K [0x732c0000, 0x75d40000, 0x9dd40000)
  object space 43520K, 0% used [0x732c0000,0x732c0000,0x75d40000)
 PSPermGen       total 16384K, used 9457K [0x6f2c0000, 0x702c0000, 0x732c0000)
  object space 16384K, 57% used [0x6f2c0000,0x6fbfc6f8,0x702c0000)
Event: 10.162 GC heap after
Heap after GC invocations=1 (full 0):
 PSYoungGen      total 19456K, used 2550K [0x9dd40000, 0x9f2c0000, 0xb32c0000)
  eden space 16896K, 0% used [0x9dd40000,0x9dd40000,0x9edc0000)
  from space 2560K, 99% used [0x9edc0000,0x9f03d8a8,0x9f040000)
  to   space 2560K, 0% used [0x9f040000,0x9f040000,0x9f2c0000)
 ParOldGen       total 43520K, used 5452K [0x732c0000, 0x75d40000, 0x9dd40000)
  object space 43520K, 12% used [0x732c0000,0x73813218,0x75d40000)
 PSPermGen       total 16384K, used 9457K [0x6f2c0000, 0x702c0000, 0x732c0000)
  object space 16384K, 57% used [0x6f2c0000,0x6fbfc6f8,0x702c0000)
}

Deoptimization events (8 events):
Event: 4.550 Thread 0x6b7cb000 Uncommon trap: reason=class_check action=maybe_recompile pc=0xb33f6014 method=java.lang.String.equals(Ljava/lang/Object;)Z @ 8
Event: 4.551 Thread 0x6b7cb000 Uncommon trap: reason=class_check action=maybe_recompile pc=0xb33f6014 method=java.lang.String.equals(Ljava/lang/Object;)Z @ 8
Event: 4.551 Thread 0x6b7cb000 Uncommon trap: reason=class_check action=maybe_recompile pc=0xb33f6014 method=java.lang.String.equals(Ljava/lang/Object;)Z @ 8
Event: 8.391 Thread 0x6b7cb000 Uncommon trap: reason=class_check action=maybe_recompile pc=0xb33f6014 method=java.lang.String.equals(Ljava/lang/Object;)Z @ 8
Event: 10.187 Thread 0x6b7cb000 Uncommon trap: reason=bimorphic action=maybe_recompile pc=0xb33f7570 method=java.util.Properties$LineReader.readLine()I @ 62
Event: 10.187 Thread 0x6b7cb000 Uncommon trap: reason=bimorphic action=maybe_recompile pc=0xb33f7570 method=java.util.Properties$LineReader.readLine()I @ 62
Event: 10.192 Thread 0x6b7cb000 Uncommon trap: reason=bimorphic action=maybe_recompile pc=0xb33f7570 method=java.util.Properties$LineReader.readLine()I @ 62
Event: 10.192 Thread 0x6b7cb000 Uncommon trap: reason=bimorphic action=maybe_recompile pc=0xb33f7570 method=java.util.Properties$LineReader.readLine()I @ 62

Internal exceptions (10 events):
Event: 10.292 Thread 0x6afdac00 Threw 0x9e1aca30 at /HUDSON/workspace/7u-2-build-linux-i586/jdk7u45/229/hotspot/src/share/vm/prims/jvm.cpp:1244
Event: 10.293 Thread 0x6afdac00 Threw 0x9e1aef70 at /HUDSON/workspace/7u-2-build-linux-i586/jdk7u45/229/hotspot/src/share/vm/prims/jvm.cpp:1244
Event: 10.294 Thread 0x6afdac00 Threw 0x9e1b15f8 at /HUDSON/workspace/7u-2-build-linux-i586/jdk7u45/229/hotspot/src/share/vm/prims/jvm.cpp:1244
Event: 10.328 Thread 0x6afc8400 Threw 0x9e113498 at /HUDSON/workspace/7u-2-build-linux-i586/jdk7u45/229/hotspot/src/share/vm/prims/jvm.cpp:1244
Event: 10.328 Thread 0x6afc8400 Threw 0x9e116138 at /HUDSON/workspace/7u-2-build-linux-i586/jdk7u45/229/hotspot/src/share/vm/prims/jvm.cpp:1244
Event: 10.332 Thread 0x6afc8400 Threw 0x9e11efb8 at /HUDSON/workspace/7u-2-build-linux-i586/jdk7u45/229/hotspot/src/share/vm/prims/jvm.cpp:1244
Event: 10.336 Thread 0x6afdb400 Threw 0x9e179788 at /HUDSON/workspace/7u-2-build-linux-i586/jdk7u45/229/hotspot/src/share/vm/prims/jvm.cpp:1244
Event: 10.337 Thread 0x6afdb400 Threw 0x9e17c8f8 at /HUDSON/workspace/7u-2-build-linux-i586/jdk7u45/229/hotspot/src/share/vm/prims/jvm.cpp:1244
Event: 10.342 Thread 0x6b7cb000 Threw 0x9e145d80 at /HUDSON/workspace/7u-2-build-linux-i586/jdk7u45/229/hotspot/src/share/vm/prims/jvm.cpp:1244
Event: 23.380 Thread 0x6b7cb000 Threw 0x9e168b30 at /HUDSON/workspace/7u-2-build-linux-i586/jdk7u45/229/hotspot/src/share/vm/prims/jni.cpp:743

Events (10 events):
Event: 203.378 Executing VM operation: GetCurrentLocation
Event: 203.378 Executing VM operation: GetCurrentLocation done
Event: 203.378 Executing VM operation: ChangeSingleStep
Event: 203.378 Executing VM operation: ChangeSingleStep done
Event: 203.382 Executing VM operation: ChangeSingleStep
Event: 203.382 Executing VM operation: ChangeSingleStep done
Event: 203.428 Executing VM operation: GetOrSetLocal
Event: 203.429 Executing VM operation: GetOrSetLocal done
Event: 203.432 Executing VM operation: GetOrSetLocal
Event: 203.432 Executing VM operation: GetOrSetLocal done


Dynamic libraries:
08048000-08049000 r-xp 00000000 08:01 7737849    /usr/lib/jvm/java-7-oracle/bin/java
08049000-0804a000 rw-p 00000000 08:01 7737849    /usr/lib/jvm/java-7-oracle/bin/java
09317000-09338000 rw-p 00000000 00:00 0          [heap]
6a88f000-6aa00000 rw-p 00000000 00:00 0 
6aa00000-6aac7000 rw-p 00000000 00:00 0 
6aac7000-6ab00000 ---p 00000000 00:00 0 
6ab0d000-6ab10000 ---p 00000000 00:00 0 
6ab10000-6ab5e000 rw-p 00000000 00:00 0 
6ab5e000-6ab61000 ---p 00000000 00:00 0 
6ab61000-6abaf000 rw-p 00000000 00:00 0          [stack:5820]
6abaf000-6abb2000 ---p 00000000 00:00 0 
6abb2000-6ac00000 rw-p 00000000 00:00 0          [stack:5818]
6ac00000-6accf000 rw-p 00000000 00:00 0 
6accf000-6ad00000 ---p 00000000 00:00 0 
6ae07000-6aeaf000 rw-p 00000000 00:00 0 
6aeaf000-6aeb2000 ---p 00000000 00:00 0 
6aeb2000-6af00000 rw-p 00000000 00:00 0          [stack:5817]
6af00000-6aff1000 rw-p 00000000 00:00 0 
6aff1000-6b000000 ---p 00000000 00:00 0 
6b000000-6b0fd000 rw-p 00000000 00:00 0 
6b0fd000-6b100000 ---p 00000000 00:00 0 
6b147000-6b14a000 ---p 00000000 00:00 0 
6b14a000-6b198000 rw-p 00000000 00:00 0          [stack:5812]
6b198000-6b1f8000 r-xp 00000000 08:01 4726798    /usr/lib/jvm/java-7-oracle/jre/lib/i386/libt2k.so
6b1f8000-6b1fc000 rw-p 0005f000 08:01 4726798    /usr/lib/jvm/java-7-oracle/jre/lib/i386/libt2k.so
6b1fc000-6b200000 rw-p 00000000 00:00 0 
6b22d000-6b230000 ---p 00000000 00:00 0 
6b230000-6b27e000 rw-p 00000000 00:00 0          [stack:5816]
6b27e000-6b291000 r-xp 00000000 08:01 4853563    /lib/i386-linux-gnu/libresolv-2.15.so
6b291000-6b292000 ---p 00013000 08:01 4853563    /lib/i386-linux-gnu/libresolv-2.15.so
6b292000-6b293000 r--p 00013000 08:01 4853563    /lib/i386-linux-gnu/libresolv-2.15.so
6b293000-6b294000 rw-p 00014000 08:01 4853563    /lib/i386-linux-gnu/libresolv-2.15.so
6b294000-6b296000 rw-p 00000000 00:00 0 
6b296000-6b2c9000 r-xp 00000000 08:01 4726846    /usr/lib/jvm/java-7-oracle/jre/lib/i386/libsunec.so
6b2c9000-6b2cd000 rw-p 00032000 08:01 4726846    /usr/lib/jvm/java-7-oracle/jre/lib/i386/libsunec.so
6b2cd000-6b2d1000 rw-p 00000000 00:00 0 
6b2d1000-6b2d4000 ---p 00000000 00:00 0 
6b2d4000-6b322000 rw-p 00000000 00:00 0          [stack:5865]
6b322000-6b33e000 r-xp 00000000 08:01 4850517    /lib/i386-linux-gnu/libgcc_s.so.1
6b33e000-6b33f000 r--p 0001b000 08:01 4850517    /lib/i386-linux-gnu/libgcc_s.so.1
6b33f000-6b340000 rw-p 0001c000 08:01 4850517    /lib/i386-linux-gnu/libgcc_s.so.1
6b340000-6b39c000 r-xp 00000000 08:01 4726840    /usr/lib/jvm/java-7-oracle/jre/lib/i386/libfontmanager.so
6b39c000-6b39f000 rw-p 0005b000 08:01 4726840    /usr/lib/jvm/java-7-oracle/jre/lib/i386/libfontmanager.so
6b39f000-6b3a3000 rw-p 00000000 00:00 0 
6b3a3000-6b3a6000 ---p 00000000 00:00 0 
6b3a6000-6b3f4000 rw-p 00000000 00:00 0          [stack:5811]
6b3f4000-6b427000 r-xp 00000000 08:01 4726849    /usr/lib/jvm/java-7-oracle/jre/lib/i386/libjpeg.so
6b427000-6b428000 rw-p 00033000 08:01 4726849    /usr/lib/jvm/java-7-oracle/jre/lib/i386/libjpeg.so
6b428000-6b42b000 ---p 00000000 00:00 0 
6b42b000-6b479000 rw-p 00000000 00:00 0          [stack:5814]
6b479000-6b47c000 ---p 00000000 00:00 0 
6b47c000-6b4ca000 rw-p 00000000 00:00 0          [stack:5809]
6b4ca000-6b4cd000 ---p 00000000 00:00 0 
6b4cd000-6b51b000 rw-p 00000000 00:00 0          [stack:5808]
6b51b000-6b64b000 r-xp 00000000 08:01 2887626    /usr/lib/i386-linux-gnu/libX11.so.6.3.0
6b64b000-6b64c000 r--p 0012f000 08:01 2887626    /usr/lib/i386-linux-gnu/libX11.so.6.3.0
6b64c000-6b64e000 rw-p 00130000 08:01 2887626    /usr/lib/i386-linux-gnu/libX11.so.6.3.0
6b64e000-6b64f000 rw-p 00000000 00:00 0 
6b64f000-6b6d5000 r-xp 00000000 08:01 4726836    /usr/lib/jvm/java-7-oracle/jre/lib/i386/libawt.so
6b6d5000-6b6dc000 rw-p 00086000 08:01 4726836    /usr/lib/jvm/java-7-oracle/jre/lib/i386/libawt.so
6b6dc000-6b700000 rw-p 00000000 00:00 0 
6b700000-6b7d2000 rw-p 00000000 00:00 0 
6b7d2000-6b800000 ---p 00000000 00:00 0 
6b816000-6b81b000 r-xp 00000000 08:01 4853571    /lib/i386-linux-gnu/libnss_dns-2.15.so
6b81b000-6b81c000 r--p 00004000 08:01 4853571    /lib/i386-linux-gnu/libnss_dns-2.15.so
6b81c000-6b81d000 rw-p 00005000 08:01 4853571    /lib/i386-linux-gnu/libnss_dns-2.15.so
6b831000-6b87a000 r-xp 00000000 08:01 4726806    /usr/lib/jvm/java-7-oracle/jre/lib/i386/xawt/libmawt.so
6b87a000-6b87c000 rw-p 00049000 08:01 4726806    /usr/lib/jvm/java-7-oracle/jre/lib/i386/xawt/libmawt.so
6b87c000-6b87d000 rw-p 00000000 00:00 0 
6b87d000-6b87e000 ---p 00000000 00:00 0 
6b87e000-6b8fe000 rw-p 00000000 00:00 0          [stack:5804]
6b8fe000-6b901000 ---p 00000000 00:00 0 
6b901000-6b97f000 rw-p 00000000 00:00 0          [stack:5802]
6b97f000-6b982000 ---p 00000000 00:00 0 
6b982000-6ba00000 rw-p 00000000 00:00 0          [stack:5801]
6ba00000-6ba21000 rw-p 00000000 00:00 0 
6ba21000-6bb00000 ---p 00000000 00:00 0 
6bb0d000-6bb10000 ---p 00000000 00:00 0 
6bb10000-6bb5e000 rw-p 00000000 00:00 0          [stack:5803]
6bb5e000-6bb61000 ---p 00000000 00:00 0 
6bb61000-6bbaf000 rw-p 00000000 00:00 0          [stack:5799]
6bbaf000-6bbb2000 ---p 00000000 00:00 0 
6bbb2000-6bc00000 rw-p 00000000 00:00 0          [stack:5798]
6bc00000-6bc2d000 rw-p 00000000 00:00 0 
6bc2d000-6bd00000 ---p 00000000 00:00 0 
6bd09000-6bd1e000 r-xp 00000000 08:01 4726843    /usr/lib/jvm/java-7-oracle/jre/lib/i386/libnet.so
6bd1e000-6bd1f000 rw-p 00014000 08:01 4726843    /usr/lib/jvm/java-7-oracle/jre/lib/i386/libnet.so
6bd1f000-6bd2d000 r-xp 00000000 08:01 4726822    /usr/lib/jvm/java-7-oracle/jre/lib/i386/libnio.so
6bd2d000-6bd2e000 rw-p 0000e000 08:01 4726822    /usr/lib/jvm/java-7-oracle/jre/lib/i386/libnio.so
6bd2e000-6bd31000 ---p 00000000 00:00 0 
6bd31000-6bd7f000 rw-p 00000000 00:00 0          [stack:5791]
6bd7f000-6bd80000 ---p 00000000 00:00 0 
6bd80000-6be00000 rw-p 00000000 00:00 0          [stack:5790]
6be00000-6bf00000 rw-p 00000000 00:00 0 
6bf03000-6bf0d000 r--s 00250000 08:01 2898192    /usr/lib/jvm/java-7-oracle/jre/lib/resources.jar
6bf0d000-6bf10000 ---p 00000000 00:00 0 
6bf10000-6bfa9000 rw-p 00000000 00:00 0          [stack:5797]
6bfa9000-6c165000 r--s 039b2000 08:01 2898215    /usr/lib/jvm/java-7-oracle/jre/lib/rt.jar
6c165000-6e800000 rw-p 00000000 00:00 0 
6e800000-6e851000 rw-p 00000000 00:00 0 
6e851000-6e900000 ---p 00000000 00:00 0 
6e903000-6e907000 rw-s 00000000 00:04 10649611   /SYSV00000000 (deleted)
6e907000-6e90b000 r-xp 00000000 08:01 2885770    /usr/lib/i386-linux-gnu/libXfixes.so.3.1.0
6e90b000-6e90c000 r--p 00004000 08:01 2885770    /usr/lib/i386-linux-gnu/libXfixes.so.3.1.0
6e90c000-6e90d000 rw-p 00005000 08:01 2885770    /usr/lib/i386-linux-gnu/libXfixes.so.3.1.0
6e90d000-6e92c000 r-xp 00000000 08:01 2885691    /usr/lib/i386-linux-gnu/libxcb.so.1.1.0
6e92c000-6e92d000 r--p 0001f000 08:01 2885691    /usr/lib/i386-linux-gnu/libxcb.so.1.1.0
6e92d000-6e92e000 rw-p 00020000 08:01 2885691    /usr/lib/i386-linux-gnu/libxcb.so.1.1.0
6e92e000-6e931000 ---p 00000000 00:00 0 
6e931000-6e97f000 rw-p 00000000 00:00 0          [stack:5793]
6e97f000-6e980000 ---p 00000000 00:00 0 
6e980000-6ea00000 rw-p 00000000 00:00 0          [stack:5789]
6ea00000-6ea21000 rw-p 00000000 00:00 0 
6ea21000-6eb00000 ---p 00000000 00:00 0 
6eb00000-6ebfd000 rw-p 00000000 00:00 0 
6ebfd000-6ec00000 ---p 00000000 00:00 0 
6ec02000-6ec0b000 r-xp 00000000 08:01 2886107    /usr/lib/i386-linux-gnu/libXcursor.so.1.0.2
6ec0b000-6ec0c000 r--p 00008000 08:01 2886107    /usr/lib/i386-linux-gnu/libXcursor.so.1.0.2
6ec0c000-6ec0d000 rw-p 00009000 08:01 2886107    /usr/lib/i386-linux-gnu/libXcursor.so.1.0.2
6ec0d000-6ec12000 r-xp 00000000 08:01 2888142    /usr/lib/i386-linux-gnu/libXdmcp.so.6.0.0
6ec12000-6ec13000 r--p 00004000 08:01 2888142    /usr/lib/i386-linux-gnu/libXdmcp.so.6.0.0
6ec13000-6ec14000 rw-p 00005000 08:01 2888142    /usr/lib/i386-linux-gnu/libXdmcp.so.6.0.0
6ec14000-6ec22000 r-xp 00000000 08:01 2885941    /usr/lib/i386-linux-gnu/libXi.so.6.1.0
6ec22000-6ec23000 r--p 0000d000 08:01 2885941    /usr/lib/i386-linux-gnu/libXi.so.6.1.0
6ec23000-6ec24000 rw-p 0000e000 08:01 2885941    /usr/lib/i386-linux-gnu/libXi.so.6.1.0
6ec24000-6ec2c000 r-xp 00000000 08:01 2885931    /usr/lib/i386-linux-gnu/libXrender.so.1.3.0
6ec2c000-6ec2d000 r--p 00007000 08:01 2885931    /usr/lib/i386-linux-gnu/libXrender.so.1.3.0
6ec2d000-6ec2e000 rw-p 00008000 08:01 2885931    /usr/lib/i386-linux-gnu/libXrender.so.1.3.0
6ec2e000-6ec31000 ---p 00000000 00:00 0 
6ec31000-6ec7f000 rw-p 00000000 00:00 0          [stack:5792]
6ec7f000-6ec80000 ---p 00000000 00:00 0 
6ec80000-6ed00000 rw-p 00000000 00:00 0          [stack:5788]
6ed00000-6edfb000 rw-p 00000000 00:00 0 
6edfb000-6ee00000 ---p 00000000 00:00 0 
6ee01000-6ee11000 r-xp 00000000 08:01 2885696    /usr/lib/i386-linux-gnu/libXext.so.6.4.0
6ee11000-6ee12000 r--p 0000f000 08:01 2885696    /usr/lib/i386-linux-gnu/libXext.so.6.4.0
6ee12000-6ee13000 rw-p 00010000 08:01 2885696    /usr/lib/i386-linux-gnu/libXext.so.6.4.0
6ee14000-6ee16000 r-xp 00000000 08:01 4849719    /lib/libnss_mdns4_minimal.so.2
6ee16000-6ee17000 r--p 00001000 08:01 4849719    /lib/libnss_mdns4_minimal.so.2
6ee17000-6ee18000 rw-p 00002000 08:01 4849719    /lib/libnss_mdns4_minimal.so.2
6ee18000-6ee1c000 r--s 0002d000 08:01 3416434    /usr/lib/jvm/java-7-oracle/jre/lib/ext/sunjce_provider.jar
6ee1c000-6ee27000 r--s 00072000 00:14 15467741   /home/larissa/alexandre/jarmo/netgames/ngnrtFramework.jar
6ee27000-6ee28000 ---p 00000000 00:00 0 
6ee28000-6eea8000 rw-p 00000000 00:00 0          [stack:5787]
6eea8000-6eea9000 ---p 00000000 00:00 0 
6eea9000-6ef31000 rw-p 00000000 00:00 0          [stack:5786]
6ef31000-6ef49000 rw-p 00000000 00:00 0 
6ef49000-6ef5f000 rw-p 00000000 00:00 0 
6ef5f000-6f09f000 rw-p 00000000 00:00 0 
6f09f000-6f0a7000 rw-p 00000000 00:00 0 
6f0a7000-6f0bf000 rw-p 00000000 00:00 0 
6f0bf000-6f0d5000 rw-p 00000000 00:00 0 
6f0d5000-6f214000 rw-p 00000000 00:00 0 
6f214000-6f21f000 rw-p 00000000 00:00 0 
6f21f000-6f2bf000 rw-p 00000000 00:00 0 
6f2bf000-702c0000 rw-p 00000000 00:00 0 
702c0000-732c0000 rw-p 00000000 00:00 0 
732c0000-75d40000 rw-p 00000000 00:00 0 
75d40000-9dd40000 rw-p 00000000 00:00 0 
9dd40000-9f2c0000 rw-p 00000000 00:00 0 
9f2c0000-b32c0000 rw-p 00000000 00:00 0 
b32c0000-b32c1000 rw-p 00000000 00:00 0 
b32c1000-b32c2000 r--s 00003000 08:01 3416433    /usr/lib/jvm/java-7-oracle/jre/lib/ext/sunec.jar
b32c2000-b32c6000 r--s 0008a000 08:01 2898187    /usr/lib/jvm/java-7-oracle/jre/lib/jsse.jar
b32c6000-b32e9000 rw-p 00000000 00:00 0 
b32e9000-b33a0000 rw-p 00000000 00:00 0 
b33a0000-b35e0000 rwxp 00000000 00:00 0 
b35e0000-b63a0000 rw-p 00000000 00:00 0 
b63a0000-b63b7000 r-xp 00000000 08:01 4726801    /usr/lib/jvm/java-7-oracle/jre/lib/i386/libzip.so
b63b7000-b63b8000 rw-p 00017000 08:01 4726801    /usr/lib/jvm/java-7-oracle/jre/lib/i386/libzip.so
b63b8000-b63c3000 r-xp 00000000 08:01 4853574    /lib/i386-linux-gnu/libnss_files-2.15.so
b63c3000-b63c4000 r--p 0000a000 08:01 4853574    /lib/i386-linux-gnu/libnss_files-2.15.so
b63c4000-b63c5000 rw-p 0000b000 08:01 4853574    /lib/i386-linux-gnu/libnss_files-2.15.so
b63c5000-b65c5000 r--p 00000000 08:01 2890757    /usr/lib/locale/locale-archive
b65c5000-b65c7000 r-xp 00000000 08:01 4726823    /usr/lib/jvm/java-7-oracle/jre/lib/i386/libnpt.so
b65c7000-b65c8000 rw-p 00002000 08:01 4726823    /usr/lib/jvm/java-7-oracle/jre/lib/i386/libnpt.so
b65c8000-b65ff000 r-xp 00000000 08:01 4726804    /usr/lib/jvm/java-7-oracle/jre/lib/i386/libjdwp.so
b65ff000-b6600000 rw-p 00037000 08:01 4726804    /usr/lib/jvm/java-7-oracle/jre/lib/i386/libjdwp.so
b6600000-b66f7000 rw-p 00000000 00:00 0 
b66f7000-b6700000 ---p 00000000 00:00 0 
b6700000-b6702000 r--s 00019000 08:01 2898225    /usr/lib/jvm/java-7-oracle/jre/lib/jce.jar
b6702000-b6707000 r-xp 00000000 08:01 2886890    /usr/lib/i386-linux-gnu/libXtst.so.6.1.0
b6707000-b6708000 r--p 00004000 08:01 2886890    /usr/lib/i386-linux-gnu/libXtst.so.6.1.0
b6708000-b6709000 rw-p 00005000 08:01 2886890    /usr/lib/i386-linux-gnu/libXtst.so.6.1.0
b6709000-b6713000 r-xp 00000000 08:01 4853573    /lib/i386-linux-gnu/libnss_nis-2.15.so
b6713000-b6714000 r--p 00009000 08:01 4853573    /lib/i386-linux-gnu/libnss_nis-2.15.so
b6714000-b6715000 rw-p 0000a000 08:01 4853573    /lib/i386-linux-gnu/libnss_nis-2.15.so
b6715000-b672b000 r-xp 00000000 08:01 4853560    /lib/i386-linux-gnu/libnsl-2.15.so
b672b000-b672c000 r--p 00015000 08:01 4853560    /lib/i386-linux-gnu/libnsl-2.15.so
b672c000-b672d000 rw-p 00016000 08:01 4853560    /lib/i386-linux-gnu/libnsl-2.15.so
b672d000-b672f000 rw-p 00000000 00:00 0 
b672f000-b6736000 r-xp 00000000 08:01 4853575    /lib/i386-linux-gnu/libnss_compat-2.15.so
b6736000-b6737000 r--p 00006000 08:01 4853575    /lib/i386-linux-gnu/libnss_compat-2.15.so
b6737000-b6738000 rw-p 00007000 08:01 4853575    /lib/i386-linux-gnu/libnss_compat-2.15.so
b6738000-b6739000 rw-p 00000000 00:00 0 
b6739000-b673b000 r-xp 00000000 08:01 2888131    /usr/lib/i386-linux-gnu/libXau.so.6.0.0
b673b000-b673c000 r--p 00001000 08:01 2888131    /usr/lib/i386-linux-gnu/libXau.so.6.0.0
b673c000-b673d000 rw-p 00002000 08:01 2888131    /usr/lib/i386-linux-gnu/libXau.so.6.0.0
b673d000-b6744000 r--s 00000000 08:01 2896902    /usr/lib/i386-linux-gnu/gconv/gconv-modules.cache
b6744000-b674c000 rw-s 00000000 08:01 9968405    /tmp/hsperfdata_larissa/5779
b674c000-b676f000 r-xp 00000000 08:01 4726828    /usr/lib/jvm/java-7-oracle/jre/lib/i386/libjava.so
b676f000-b6770000 rw-p 00022000 08:01 4726828    /usr/lib/jvm/java-7-oracle/jre/lib/i386/libjava.so
b6770000-b6777000 r-xp 00000000 08:01 4853568    /lib/i386-linux-gnu/librt-2.15.so
b6777000-b6778000 r--p 00006000 08:01 4853568    /lib/i386-linux-gnu/librt-2.15.so
b6778000-b6779000 rw-p 00007000 08:01 4853568    /lib/i386-linux-gnu/librt-2.15.so
b6779000-b677c000 ---p 00000000 00:00 0 
b677c000-b67ca000 rw-p 00000000 00:00 0          [stack:5785]
b67ca000-b67f4000 r-xp 00000000 08:01 4853572    /lib/i386-linux-gnu/libm-2.15.so
b67f4000-b67f5000 r--p 00029000 08:01 4853572    /lib/i386-linux-gnu/libm-2.15.so
b67f5000-b67f6000 rw-p 0002a000 08:01 4853572    /lib/i386-linux-gnu/libm-2.15.so
b67f6000-b706d000 r-xp 00000000 08:01 4726813    /usr/lib/jvm/java-7-oracle/jre/lib/i386/server/libjvm.so
b706d000-b70d2000 rw-p 00876000 08:01 4726813    /usr/lib/jvm/java-7-oracle/jre/lib/i386/server/libjvm.so
b70d2000-b74f5000 rw-p 00000000 00:00 0 
b74f5000-b7699000 r-xp 00000000 08:01 4853577    /lib/i386-linux-gnu/libc-2.15.so
b7699000-b769b000 r--p 001a4000 08:01 4853577    /lib/i386-linux-gnu/libc-2.15.so
b769b000-b769c000 rw-p 001a6000 08:01 4853577    /lib/i386-linux-gnu/libc-2.15.so
b769c000-b769f000 rw-p 00000000 00:00 0 
b769f000-b76a2000 r-xp 00000000 08:01 4853576    /lib/i386-linux-gnu/libdl-2.15.so
b76a2000-b76a3000 r--p 00002000 08:01 4853576    /lib/i386-linux-gnu/libdl-2.15.so
b76a3000-b76a4000 rw-p 00003000 08:01 4853576    /lib/i386-linux-gnu/libdl-2.15.so
b76a4000-b76b7000 r-xp 00000000 08:01 7475522    /usr/lib/jvm/java-7-oracle/lib/i386/jli/libjli.so
b76b7000-b76b8000 rw-p 00012000 08:01 7475522    /usr/lib/jvm/java-7-oracle/lib/i386/jli/libjli.so
b76b8000-b76b9000 rw-p 00000000 00:00 0 
b76b9000-b76d0000 r-xp 00000000 08:01 4853566    /lib/i386-linux-gnu/libpthread-2.15.so
b76d0000-b76d1000 r--p 00016000 08:01 4853566    /lib/i386-linux-gnu/libpthread-2.15.so
b76d1000-b76d2000 rw-p 00017000 08:01 4853566    /lib/i386-linux-gnu/libpthread-2.15.so
b76d2000-b76d5000 rw-p 00000000 00:00 0 
b76d5000-b76d8000 r-xp 00000000 08:01 4726820    /usr/lib/jvm/java-7-oracle/jre/lib/i386/libdt_socket.so
b76d8000-b76d9000 rw-p 00003000 08:01 4726820    /usr/lib/jvm/java-7-oracle/jre/lib/i386/libdt_socket.so
b76d9000-b76da000 r--p 005e0000 08:01 2890757    /usr/lib/locale/locale-archive
b76da000-b76db000 rw-p 00000000 00:00 0 
b76db000-b76dc000 r--p 00000000 00:00 0 
b76dc000-b76e7000 r-xp 00000000 08:01 4726809    /usr/lib/jvm/java-7-oracle/jre/lib/i386/libverify.so
b76e7000-b76e8000 rw-p 0000b000 08:01 4726809    /usr/lib/jvm/java-7-oracle/jre/lib/i386/libverify.so
b76e8000-b76ea000 rw-p 00000000 00:00 0 
b76ea000-b76eb000 r-xp 00000000 00:00 0          [vdso]
b76eb000-b770b000 r-xp 00000000 08:01 4853567    /lib/i386-linux-gnu/ld-2.15.so
b770b000-b770c000 r--p 0001f000 08:01 4853567    /lib/i386-linux-gnu/ld-2.15.so
b770c000-b770d000 rw-p 00020000 08:01 4853567    /lib/i386-linux-gnu/ld-2.15.so
bfe03000-bfe24000 rw-p 00000000 00:00 0          [stack]

VM Arguments:
jvm_args: -agentlib:jdwp=transport=dt_socket,suspend=y,address=localhost:47331 -Dfile.encoding=UTF-8 
java_command: interfaceGrafica.Jarmo
Launcher Type: SUN_STANDARD

Environment Variables:
PATH=/usr/lib/lightdm/lightdm:/usr/local/sbin:/usr/local/bin:/usr/sbin:/usr/bin:/sbin:/bin:/usr/games
LD_LIBRARY_PATH=/usr/lib/jvm/java-7-oracle/jre/lib/i386/server:/usr/lib/jvm/java-7-oracle/jre/lib/i386:/usr/lib/jvm/java-7-oracle/jre/../lib/i386:/usr/lib/jvm/java-7-oracle/jre/lib/i386/client:/usr/lib/jvm/java-7-oracle/jre/lib/i386:
SHELL=/bin/bash
DISPLAY=:0.0

Signal Handlers:
SIGSEGV: [libjvm.so+0x7dd350], sa_mask[0]=0x7ffbfeff, sa_flags=0x10000004
SIGBUS: [libjvm.so+0x7dd350], sa_mask[0]=0x7ffbfeff, sa_flags=0x10000004
SIGFPE: [libjvm.so+0x678b60], sa_mask[0]=0x7ffbfeff, sa_flags=0x10000004
SIGPIPE: [libjvm.so+0x678b60], sa_mask[0]=0x7ffbfeff, sa_flags=0x10000004
SIGXFSZ: [libjvm.so+0x678b60], sa_mask[0]=0x7ffbfeff, sa_flags=0x10000004
SIGILL: [libjvm.so+0x678b60], sa_mask[0]=0x7ffbfeff, sa_flags=0x10000004
SIGUSR1: SIG_DFL, sa_mask[0]=0x00000000, sa_flags=0x00000000
SIGUSR2: [libjvm.so+0x67a050], sa_mask[0]=0x00000004, sa_flags=0x10000004
SIGHUP: [libjvm.so+0x67b1a0], sa_mask[0]=0x7ffbfeff, sa_flags=0x10000004
SIGINT: [libjvm.so+0x67b1a0], sa_mask[0]=0x7ffbfeff, sa_flags=0x10000004
SIGTERM: [libjvm.so+0x67b1a0], sa_mask[0]=0x7ffbfeff, sa_flags=0x10000004
SIGQUIT: [libjvm.so+0x67b1a0], sa_mask[0]=0x7ffbfeff, sa_flags=0x10000004


---------------  S Y S T E M  ---------------

OS:wheezy/sid

uname:Linux 3.5.0-44-generic #67~precise1-Ubuntu SMP Wed Nov 13 16:20:03 UTC 2013 i686
libc:glibc 2.15 NPTL 2.15 
rlimit: STACK 8192k, CORE 0k, NPROC 46718, NOFILE 4096, AS infinity
load average:0.74 0.46 0.50

/proc/meminfo:
MemTotal:        6002024 kB
MemFree:         2745176 kB
Buffers:           91432 kB
Cached:          1765940 kB
SwapCached:            0 kB
Active:          1717448 kB
Inactive:        1412004 kB
Active(anon):    1289632 kB
Inactive(anon):   254740 kB
Active(file):     427816 kB
Inactive(file):  1157264 kB
Unevictable:           0 kB
Mlocked:               0 kB
HighTotal:       5171464 kB
HighFree:        2114988 kB
LowTotal:         830560 kB
LowFree:          630188 kB
SwapTotal:       6083580 kB
SwapFree:        6083580 kB
Dirty:               420 kB
Writeback:             0 kB
AnonPages:       1272264 kB
Mapped:           179856 kB
Shmem:            272140 kB
Slab:              79020 kB
SReclaimable:      42432 kB
SUnreclaim:        36588 kB
KernelStack:        4816 kB
PageTables:        10840 kB
NFS_Unstable:          0 kB
Bounce:                0 kB
WritebackTmp:          0 kB
CommitLimit:     9084592 kB
Committed_AS:    4565352 kB
VmallocTotal:     122880 kB
VmallocUsed:       18372 kB
VmallocChunk:     104020 kB
HardwareCorrupted:     0 kB
AnonHugePages:         0 kB
HugePages_Total:       0
HugePages_Free:        0
HugePages_Rsvd:        0
HugePages_Surp:        0
Hugepagesize:       2048 kB
DirectMap4k:       10232 kB
DirectMap2M:      903168 kB


CPU:total 4 (2 cores per cpu, 2 threads per core) family 6 model 37 stepping 5, cmov, cx8, fxsr, mmx, sse, sse2, sse3, ssse3, sse4.1, sse4.2, popcnt, ht, tsc, tscinvbit

/proc/cpuinfo:
processor	: 0
vendor_id	: GenuineIntel
cpu family	: 6
model		: 37
model name	: Intel(R) Core(TM) i3 CPU       M 350  @ 2.27GHz
stepping	: 5
microcode	: 0x2
cpu MHz		: 2266.000
cache size	: 3072 KB
physical id	: 0
siblings	: 4
core id		: 0
cpu cores	: 2
apicid		: 0
initial apicid	: 0
fdiv_bug	: no
hlt_bug		: no
f00f_bug	: no
coma_bug	: no
fpu		: yes
fpu_exception	: yes
cpuid level	: 11
wp		: yes
flags		: fpu vme de pse tsc msr pae mce cx8 apic sep mtrr pge mca cmov pat pse36 clflush dts acpi mmx fxsr sse sse2 ss ht tm pbe nx rdtscp lm constant_tsc arch_perfmon pebs bts xtopology nonstop_tsc aperfmperf pni dtes64 monitor ds_cpl vmx est tm2 ssse3 cx16 xtpr pdcm pcid sse4_1 sse4_2 popcnt lahf_lm arat dtherm tpr_shadow vnmi flexpriority ept vpid
bogomips	: 4522.02
clflush size	: 64
cache_alignment	: 64
address sizes	: 36 bits physical, 48 bits virtual
power management:

processor	: 1
vendor_id	: GenuineIntel
cpu family	: 6
model		: 37
model name	: Intel(R) Core(TM) i3 CPU       M 350  @ 2.27GHz
stepping	: 5
microcode	: 0x2
cpu MHz		: 933.000
cache size	: 3072 KB
physical id	: 0
siblings	: 4
core id		: 0
cpu cores	: 2
apicid		: 1
initial apicid	: 1
fdiv_bug	: no
hlt_bug		: no
f00f_bug	: no
coma_bug	: no
fpu		: yes
fpu_exception	: yes
cpuid level	: 11
wp		: yes
flags		: fpu vme de pse tsc msr pae mce cx8 apic sep mtrr pge mca cmov pat pse36 clflush dts acpi mmx fxsr sse sse2 ss ht tm pbe nx rdtscp lm constant_tsc arch_perfmon pebs bts xtopology nonstop_tsc aperfmperf pni dtes64 monitor ds_cpl vmx est tm2 ssse3 cx16 xtpr pdcm pcid sse4_1 sse4_2 popcnt lahf_lm arat dtherm tpr_shadow vnmi flexpriority ept vpid
bogomips	: 4522.02
clflush size	: 64
cache_alignment	: 64
address sizes	: 36 bits physical, 48 bits virtual
power management:

processor	: 2
vendor_id	: GenuineIntel
cpu family	: 6
model		: 37
model name	: Intel(R) Core(TM) i3 CPU       M 350  @ 2.27GHz
stepping	: 5
microcode	: 0x2
cpu MHz		: 933.000
cache size	: 3072 KB
physical id	: 0
siblings	: 4
core id		: 2
cpu cores	: 2
apicid		: 4
initial apicid	: 4
fdiv_bug	: no
hlt_bug		: no
f00f_bug	: no
coma_bug	: no
fpu		: yes
fpu_exception	: yes
cpuid level	: 11
wp		: yes
flags		: fpu vme de pse tsc msr pae mce cx8 apic sep mtrr pge mca cmov pat pse36 clflush dts acpi mmx fxsr sse sse2 ss ht tm pbe nx rdtscp lm constant_tsc arch_perfmon pebs bts xtopology nonstop_tsc aperfmperf pni dtes64 monitor ds_cpl vmx est tm2 ssse3 cx16 xtpr pdcm pcid sse4_1 sse4_2 popcnt lahf_lm arat dtherm tpr_shadow vnmi flexpriority ept vpid
bogomips	: 4522.02
clflush size	: 64
cache_alignment	: 64
address sizes	: 36 bits physical, 48 bits virtual
power management:

processor	: 3
vendor_id	: GenuineIntel
cpu family	: 6
model		: 37
model name	: Intel(R) Core(TM) i3 CPU       M 350  @ 2.27GHz
stepping	: 5
microcode	: 0x2
cpu MHz		: 2266.000
cache size	: 3072 KB
physical id	: 0
siblings	: 4
core id		: 2
cpu cores	: 2
apicid		: 5
initial apicid	: 5
fdiv_bug	: no
hlt_bug		: no
f00f_bug	: no
coma_bug	: no
fpu		: yes
fpu_exception	: yes
cpuid level	: 11
wp		: yes
flags		: fpu vme de pse tsc msr pae mce cx8 apic sep mtrr pge mca cmov pat pse36 clflush dts acpi mmx fxsr sse sse2 ss ht tm pbe nx rdtscp lm constant_tsc arch_perfmon pebs bts xtopology nonstop_tsc aperfmperf pni dtes64 monitor ds_cpl vmx est tm2 ssse3 cx16 xtpr pdcm pcid sse4_1 sse4_2 popcnt lahf_lm arat dtherm tpr_shadow vnmi flexpriority ept vpid
bogomips	: 4522.02
clflush size	: 64
cache_alignment	: 64
address sizes	: 36 bits physical, 48 bits virtual
power management:



Memory: 4k page, physical 6002024k(2745176k free), swap 6083580k(6083580k free)

vm_info: Java HotSpot(TM) Server VM (24.45-b08) for linux-x86 JRE (1.7.0_45-b18), built on Oct  8 2013 05:44:51 by "java_re" with gcc 4.3.0 20080428 (Red Hat 4.3.0-8)

time: Tue Dec 10 00:44:51 2013
elapsed time: 203 seconds

